This is LuaTeX, Version beta-0.80.0 (TeX Live 2015/Debian) (rev 5238)  (format=lualatex 2017.9.5)  10 SEP 2017 03:18
 restricted \write18 enabled.
**question1.tex
(./question1.tex
LaTeX2e <2016/02/01>
Babel <3.9q> and hyphenation patterns for 1 language(s) loaded.
! Undefined control sequence.
l.1 \section
          {Decision Tree}
The control sequence at the end of the top line
of your error message was never \def'ed. If you have
misspelled it (e.g., `\hobx'), type `I' and the correct
spelling (e.g., `I\hbox'). Otherwise just continue,
and I'll forget about whatever was undefined.


! LaTeX Error: Missing \begin{document}.

See the LaTeX manual or LaTeX Companion for explanation.
Type  H <return>  for immediate help.
 ...                                              
                                                  
l.1 \section{D
            ecision Tree}
You're in trouble here.  Try typing  <return>  to proceed.
If that doesn't work, type  X <return>  to quit.


Overfull \hbox (20.0pt too wide) in paragraph at lines 1--3
[][]Decision
 []


! LaTeX Error: Missing \begin{document}.

See the LaTeX manual or LaTeX Companion for explanation.
Type  H <return>  for immediate help.
 ...                                              
                                                  
l.4 \begin{enumerate}
                   
You're in trouble here.  Try typing  <return>  to proceed.
If that doesn't work, type  X <return>  to quit.


Overfull \hbox (20.0pt too wide) in paragraph at lines 4--4
[][] 
 []

LaTeX Font Info:    External font `cmex10' loaded for size
(Font)              <7> on input line 8.
LaTeX Font Info:    External font `cmex10' loaded for size
(Font)              <5> on input line 8.

! LaTeX Error: Environment forest undefined.

See the LaTeX manual or LaTeX Companion for explanation.
Type  H <return>  for immediate help.
 ...                                              
                                                  
l.25 }
    
Your command was ignored.
Type  I <command> <return>  to replace it with another command,
or  <return>  to continue without it.


! LaTeX Error: \begin{enumerate} on input line 6 ended by \end{forest}.

See the LaTeX manual or LaTeX Companion for explanation.
Type  H <return>  for immediate help.
 ...                                              
                                                  
l.25 }
    
Your command was ignored.
Type  I <command> <return>  to replace it with another command,
or  <return>  to continue without it.


Overfull \hbox (20.75699pt too wide) in paragraph at lines 8--26
\OT1/cmr/m/n/10 (\OML/cmm/m/it/10 x[] \OMS/cmsy/m/n/10 ^
 []


Overfull \hbox (20.75699pt too wide) in paragraph at lines 8--26
\OML/cmm/m/it/10 x[]\OT1/cmr/m/n/10 ) \OMS/cmsy/m/n/10 _
 []


Overfull \hbox (20.75699pt too wide) in paragraph at lines 8--26
\OT1/cmr/m/n/10 (\OML/cmm/m/it/10 x[] \OMS/cmsy/m/n/10 ^
 []


Overfull \hbox (14.0903pt too wide) in paragraph at lines 8--26
\OML/cmm/m/it/10 x[]\OT1/cmr/m/n/10 )$ 
 []


Overfull \hbox (87.40434pt too wide) in paragraph at lines 8--26
[] 
 []


! LaTeX Error: Environment forest undefined.

See the LaTeX manual or LaTeX Companion for explanation.
Type  H <return>  for immediate help.
 ...                                              
                                                  
l.51 }
    
Your command was ignored.
Type  I <command> <return>  to replace it with another command,
or  <return>  to continue without it.


! LaTeX Error: \begin{enumerate} on input line 6 ended by \end{forest}.

See the LaTeX manual or LaTeX Companion for explanation.
Type  H <return>  for immediate help.
 ...                                              
                                                  
l.51 }
    
Your command was ignored.
Type  I <command> <return>  to replace it with another command,
or  <return>  to continue without it.


Overfull \hbox (20.75699pt too wide) in paragraph at lines 28--52
\OT1/cmr/m/n/10 (\OML/cmm/m/it/10 x[] \OMS/cmsy/m/n/10 _
 []


Overfull \hbox (39.64357pt too wide) in paragraph at lines 28--52
\OML/cmm/m/it/10 x[]\OT1/cmr/m/n/10 )\OML/cmm/m/it/10 xorx[]$ 
 []


Overfull \hbox (137.80724pt too wide) in paragraph at lines 28--52
[] 
 []


! LaTeX Error: Environment forest undefined.

See the LaTeX manual or LaTeX Companion for explanation.
Type  H <return>  for immediate help.
 ...                                              
                                                  
l.74 }
    
Your command was ignored.
Type  I <command> <return>  to replace it with another command,
or  <return>  to continue without it.


! LaTeX Error: \begin{enumerate} on input line 6 ended by \end{forest}.

See the LaTeX manual or LaTeX Companion for explanation.
Type  H <return>  for immediate help.
 ...                                              
                                                  
l.74 }
    
Your command was ignored.
Type  I <command> <return>  to replace it with another command,
or  <return>  to continue without it.


Overfull \hbox (20.83339pt too wide) in paragraph at lines 54--75
\OMS/cmsy/m/n/10 :\OML/cmm/m/it/10 A \OMS/cmsy/m/n/10 _
 []


Overfull \hbox (21.42018pt too wide) in paragraph at lines 54--75
\OMS/cmsy/m/n/10 :\OML/cmm/m/it/10 B \OMS/cmsy/m/n/10 _
 []


Overfull \hbox (21.19586pt too wide) in paragraph at lines 54--75
\OMS/cmsy/m/n/10 :\OML/cmm/m/it/10 C \OMS/cmsy/m/n/10 _
 []


Overfull \hbox (15.22363pt too wide) in paragraph at lines 54--75
\OMS/cmsy/m/n/10 :\OML/cmm/m/it/10 D$ 
 []


Overfull \hbox (103.80644pt too wide) in paragraph at lines 54--75
[] 
 []

)
! Emergency stop.
<*> question1.tex
              
*** (job aborted, no legal \end found)



Here is how much of LuaTeX's memory you used:
 26 strings out of 495004
 100000,89155 words of node,token memory allocated 10268 words of node memory still in use:
   62 hlist, 6 vlist, 12 rule, 105 math, 309 glue, 13 kern, 37 penalty, 1185 gly
ph, 131 glue_spec, 1 write, 6 local_par, 1 dir nodes
   avail lists: 2:12,3:1,5:2,6:5,7:6,10:1
 3703 multiletter control sequences out of 65536+600000
 25 fonts using 994519 bytes
 18i,5n,12p,84b,156s stack positions out of 5000i,500n,10000p,200000b,100000s
!  ==> Fatal error occurred, no output PDF file produced!
